[2026/03/29 ÷‹»’  2:00:35.42] run fix_freertos_ac6.bat 
[2026/03/29 ÷‹»’  2:00:35.76] exit code 1 
[2026/03/29 ÷‹»’  2:05:50.31] run fix_freertos_ac6.bat 
[2026/03/29 ÷‹»’  2:05:50.62] exit code 1 
[2026/03/29 ÷‹»’  2:07:09.90] run fix_freertos_ac6.bat 
[2026/03/29 ÷‹»’  2:07:10.21] exit code 1 
[2026/03/29 ÷‹»’  2:11:42.50] run fix_freertos_ac6.bat 
[2026/03/29 ÷‹»’  2:11:42.95] exit code 0 
[2026/03/29 ÷‹»’  2:11:56.39] run fix_freertos_ac6.bat 
[2026/03/29 ÷‹»’  2:11:57.10] exit code 0 
[2026/03/29 ÷‹»’  2:13:35.52] run fix_freertos_ac6.bat 
[2026/03/29 ÷‹»’  2:13:36.27] exit code 0 
[2026/03/29 ÷‹»’  2:15:29.73] run fix_freertos_ac6.bat 
[2026/03/29 ÷‹»’  2:15:30.19] exit code 0 
[2026/03/29 ÷‹»’  2:15:48.27] run fix_freertos_ac6.bat 
[2026/03/29 ÷‹»’  2:15:48.98] exit code 0 
[2026/03/29 ÷‹»’  2:19:04.59] run fix_freertos_ac6.bat 
[2026/03/29 ÷‹»’  2:19:05.06] exit code 0 
[2026/03/29 ÷‹»’  2:19:20.21] run fix_freertos_ac6.bat 
[2026/03/29 ÷‹»’  2:19:20.93] exit code 0 
[2026/03/29 ÷‹»’  2:19:44.90] run fix_freertos_ac6.bat 
[2026/03/29 ÷‹»’  2:19:45.66] exit code 0 
[2026/03/29 ÷‹»’  2:19:49.85] run fix_freertos_ac6.bat 
[2026/03/29 ÷‹»’  2:19:50.55] exit code 0 
[2026/03/29 ÷‹»’  2:39:05.81] run fix_freertos_ac6.bat 
[2026/03/29 ÷‹»’  2:39:06.52] exit code 0 
[2026/03/29 ÷‹»’  2:39:45.34] run fix_freertos_ac6.bat 
[2026/03/29 ÷‹»’  2:39:46.16] exit code 0 
[2026/03/29 ÷‹»’  2:40:09.69] run fix_freertos_ac6.bat 
[2026/03/29 ÷‹»’  2:40:10.38] exit code 0 
[2026/03/29 ÷‹»’  2:40:14.46] run fix_freertos_ac6.bat 
[2026/03/29 ÷‹»’  2:40:15.19] exit code 0 
[2026/03/29 ÷‹»’  2:40:33.00] run fix_freertos_ac6.bat 
[2026/03/29 ÷‹»’  2:40:33.74] exit code 0 
[2026/03/29 ÷‹»’  2:40:45.97] run fix_freertos_ac6.bat 
[2026/03/29 ÷‹»’  2:40:46.69] exit code 0 
[2026/03/30 ÷‹“ª  0:32:11.11] run fix_freertos_ac6.bat 
[2026/03/30 ÷‹“ª  0:32:12.03] exit code 0 
[2026/03/30 ÷‹“ª  0:33:27.28] run fix_freertos_ac6.bat 
[2026/03/30 ÷‹“ª  0:33:28.02] exit code 0 
[2026/03/30 ÷‹“ª  0:37:03.90] run fix_freertos_ac6.bat 
[2026/03/30 ÷‹“ª  0:37:04.58] exit code 0 
[2026/04/02 ÷‹Àƒ 20:29:55.40] run fix_freertos_ac6.bat 
[2026/04/02 ÷‹Àƒ 20:29:56.12] exit code 0 
[2026/04/02 ÷‹Àƒ 20:49:01.45] run fix_freertos_ac6.bat 
[2026/04/02 ÷‹Àƒ 20:49:02.17] exit code 0 
[2026/04/02 ÷‹Àƒ 20:49:21.12] run fix_freertos_ac6.bat 
[2026/04/02 ÷‹Àƒ 20:49:21.82] exit code 0 
[2026/04/02 ÷‹Àƒ 21:14:49.25] run fix_freertos_ac6.bat 
[2026/04/02 ÷‹Àƒ 21:14:49.99] exit code 0 
[2026/04/02 ÷‹Àƒ 21:29:26.97] run fix_freertos_ac6.bat 
[2026/04/02 ÷‹Àƒ 21:29:27.89] exit code 0 
[2026/04/02 ÷‹Àƒ 21:29:51.04] run fix_freertos_ac6.bat 
[2026/04/02 ÷‹Àƒ 21:29:51.77] exit code 0 
[2026/04/02 ÷‹Àƒ 21:30:53.18] run fix_freertos_ac6.bat 
[2026/04/02 ÷‹Àƒ 21:30:53.85] exit code 0 
[2026/04/03 ÷‹ŒÂ  9:34:39.54] run fix_freertos_ac6.bat 
[2026/04/03 ÷‹ŒÂ  9:34:40.43] exit code 0 
[2026/04/03 ÷‹ŒÂ  9:43:26.99] run fix_freertos_ac6.bat 
[2026/04/03 ÷‹ŒÂ  9:43:28.16] exit code 0 
[2026/04/03 ÷‹ŒÂ  9:43:40.29] run fix_freertos_ac6.bat 
[2026/04/03 ÷‹ŒÂ  9:43:40.99] exit code 0 
[2026/04/03 ÷‹ŒÂ  9:49:28.30] run fix_freertos_ac6.bat 
[2026/04/03 ÷‹ŒÂ  9:49:29.35] exit code 0 
[2026/04/03 ÷‹ŒÂ  9:49:58.20] run fix_freertos_ac6.bat 
[2026/04/03 ÷‹ŒÂ  9:49:58.89] exit code 0 
[2026/04/03 ÷‹ŒÂ 10:06:26.98] run fix_freertos_ac6.bat 
[2026/04/03 ÷‹ŒÂ 10:06:27.76] exit code 0 
[2026/04/04 ÷‹¡˘ 19:44:24.19] run fix_freertos_ac6.bat 
[2026/04/04 ÷‹¡˘ 19:44:25.12] exit code 0 
[2026/04/04 ÷‹¡˘ 20:19:40.60] run fix_freertos_ac6.bat 
[2026/04/04 ÷‹¡˘ 20:19:41.43] exit code 0 
[2026/04/04 ÷‹¡˘ 20:29:33.37] run fix_freertos_ac6.bat 
[2026/04/04 ÷‹¡˘ 20:29:34.75] exit code 0 
[2026/04/04 ÷‹¡˘ 20:58:04.18] run fix_freertos_ac6.bat 
[2026/04/04 ÷‹¡˘ 20:58:05.23] exit code 0 
[2026/04/04 ÷‹¡˘ 20:58:41.76] run fix_freertos_ac6.bat 
[2026/04/04 ÷‹¡˘ 20:58:42.78] exit code 0 
[2026/04/04 ÷‹¡˘ 21:01:02.57] run fix_freertos_ac6.bat 
[2026/04/04 ÷‹¡˘ 21:01:03.59] exit code 0 
[2026/04/05 ÷‹»’  1:24:17.63] run fix_freertos_ac6.bat 
[2026/04/05 ÷‹»’  1:24:19.41] exit code 0 
[2026/04/05 ÷‹»’  1:32:48.95] run fix_freertos_ac6.bat 
[2026/04/05 ÷‹»’  1:32:50.51] exit code 0 
[2026/04/05 ÷‹»’  1:49:50.96] run fix_freertos_ac6.bat 
[2026/04/05 ÷‹»’  1:49:52.34] exit code 0 
[2026/04/05 ÷‹»’  2:02:08.05] run fix_freertos_ac6.bat 
[2026/04/05 ÷‹»’  2:02:09.21] exit code 0 
[2026/04/05 ÷‹»’ 16:32:53.87] run fix_freertos_ac6.bat 
[2026/04/05 ÷‹»’ 16:32:55.75] exit code 0 
[2026/04/05 ÷‹»’ 16:37:14.18] run fix_freertos_ac6.bat 
[2026/04/05 ÷‹»’ 16:37:15.26] exit code 0 
[2026/04/05 ÷‹»’ 16:37:38.12] run fix_freertos_ac6.bat 
[2026/04/05 ÷‹»’ 16:37:39.16] exit code 0 
[2026/04/05 ÷‹»’ 16:38:05.45] run fix_freertos_ac6.bat 
[2026/04/05 ÷‹»’ 16:38:06.49] exit code 0 
[2026/04/05 ÷‹»’ 16:38:44.29] run fix_freertos_ac6.bat 
[2026/04/05 ÷‹»’ 16:38:45.34] exit code 0 
[2026/04/05 ÷‹»’ 16:39:14.93] run fix_freertos_ac6.bat 
[2026/04/05 ÷‹»’ 16:39:16.01] exit code 0 
[2026/04/05 ÷‹»’ 16:41:10.25] run fix_freertos_ac6.bat 
[2026/04/05 ÷‹»’ 16:41:11.35] exit code 0 
[2026/04/05 ÷‹»’ 16:41:42.70] run fix_freertos_ac6.bat 
[2026/04/05 ÷‹»’ 16:41:43.78] exit code 0 
[2026/04/05 ÷‹»’ 16:54:08.50] run fix_freertos_ac6.bat 
[2026/04/05 ÷‹»’ 16:54:09.61] exit code 0 
[2026/04/05 ÷‹»’ 16:56:54.97] run fix_freertos_ac6.bat 
[2026/04/05 ÷‹»’ 16:56:56.10] exit code 0 
[2026/04/05 ÷‹»’ 16:57:21.91] run fix_freertos_ac6.bat 
[2026/04/05 ÷‹»’ 16:57:22.98] exit code 0 
[2026/04/05 ÷‹»’ 17:04:08.10] run fix_freertos_ac6.bat 
[2026/04/05 ÷‹»’ 17:04:09.46] exit code 0 
[2026/04/11 ÷‹¡˘ 13:01:06.81] run fix_freertos_ac6.bat 
[2026/04/11 ÷‹¡˘ 13:01:08.27] exit code 0 
[2026/04/11 ÷‹¡˘ 13:09:35.73] run fix_freertos_ac6.bat 
[2026/04/11 ÷‹¡˘ 13:09:37.48] exit code 0 
[2026/04/11 ÷‹¡˘ 13:34:50.77] run fix_freertos_ac6.bat 
[2026/04/11 ÷‹¡˘ 13:34:52.26] exit code 0 
[2026/04/11 ÷‹¡˘ 14:43:50.72] run fix_freertos_ac6.bat 
[2026/04/11 ÷‹¡˘ 14:43:52.24] exit code 0 
[2026/04/11 ÷‹¡˘ 15:10:47.41] run fix_freertos_ac6.bat 
[2026/04/11 ÷‹¡˘ 15:10:48.92] exit code 0 
[2026/04/11 ÷‹¡˘ 15:11:12.11] run fix_freertos_ac6.bat 
[2026/04/11 ÷‹¡˘ 15:11:13.27] exit code 0 
[2026/04/11 ÷‹¡˘ 15:28:27.67] run fix_freertos_ac6.bat 
[2026/04/11 ÷‹¡˘ 15:28:28.87] exit code 0 
[2026/04/11 ÷‹¡˘ 17:15:52.21] run fix_freertos_ac6.bat 
[2026/04/11 ÷‹¡˘ 17:15:53.48] exit code 0 
[2026/04/11 ÷‹¡˘ 17:32:43.35] run fix_freertos_ac6.bat 
[2026/04/11 ÷‹¡˘ 17:32:44.62] exit code 0 
[2026/04/11 ÷‹¡˘ 17:34:15.80] run fix_freertos_ac6.bat 
[2026/04/11 ÷‹¡˘ 17:34:16.99] exit code 0 
[2026/04/11 ÷‹¡˘ 17:37:09.95] run fix_freertos_ac6.bat 
[2026/04/11 ÷‹¡˘ 17:37:11.07] exit code 0 
[2026/04/11 ÷‹¡˘ 17:38:39.75] run fix_freertos_ac6.bat 
[2026/04/11 ÷‹¡˘ 17:38:40.87] exit code 0 
[2026/04/11 ÷‹¡˘ 17:39:06.70] run fix_freertos_ac6.bat 
[2026/04/11 ÷‹¡˘ 17:39:07.81] exit code 0 
[2026/04/11 ÷‹¡˘ 17:39:51.58] run fix_freertos_ac6.bat 
[2026/04/11 ÷‹¡˘ 17:39:52.68] exit code 0 
[2026/04/11 ÷‹¡˘ 17:40:27.88] run fix_freertos_ac6.bat 
[2026/04/11 ÷‹¡˘ 17:40:29.04] exit code 0 
[2026/04/11 ÷‹¡˘ 17:49:36.68] run fix_freertos_ac6.bat 
[2026/04/11 ÷‹¡˘ 17:49:37.83] exit code 0 
[2026/04/12 ÷‹»’ 14:34:10.51] run fix_freertos_ac6.bat 
[2026/04/12 ÷‹»’ 14:34:11.87] exit code 0 
[2026/04/12 ÷‹»’ 14:34:59.15] run fix_freertos_ac6.bat 
[2026/04/12 ÷‹»’ 14:35:00.28] exit code 0 
[2026/04/12 ÷‹»’ 14:40:11.56] run fix_freertos_ac6.bat 
[2026/04/12 ÷‹»’ 14:40:12.72] exit code 0 
[2026/04/12 ÷‹»’ 14:47:54.10] run fix_freertos_ac6.bat 
[2026/04/12 ÷‹»’ 14:47:55.21] exit code 0 
[2026/04/12 ÷‹»’ 14:51:44.44] run fix_freertos_ac6.bat 
[2026/04/12 ÷‹»’ 14:51:45.55] exit code 0 
[2026/04/12 ÷‹»’ 15:02:58.88] run fix_freertos_ac6.bat 
[2026/04/12 ÷‹»’ 15:03:00.01] exit code 0 
[2026/04/12 ÷‹»’ 15:15:47.27] run fix_freertos_ac6.bat 
[2026/04/12 ÷‹»’ 15:15:48.43] exit code 0 
[2026/04/12 ÷‹»’ 15:26:33.68] run fix_freertos_ac6.bat 
[2026/04/12 ÷‹»’ 15:26:34.77] exit code 0 
[2026/04/12 ÷‹»’ 15:32:39.37] run fix_freertos_ac6.bat 
[2026/04/12 ÷‹»’ 15:32:40.49] exit code 0 
[2026/04/12 ÷‹»’ 18:05:54.77] run fix_freertos_ac6.bat 
[2026/04/12 ÷‹»’ 18:05:56.07] exit code 0 
[2026/04/12 ÷‹»’ 18:17:05.17] run fix_freertos_ac6.bat 
[2026/04/12 ÷‹»’ 18:17:06.32] exit code 0 
